[2019-03-11 11:00:48.58337] [6842] [debug] GET "/post/FreeBSD/security/sudo" (f138c6c7)
[2019-03-11 11:00:48.68237] [6842] [debug] Routing to controller "BlogVillain::Controller::Post" and action "get"
[2019-03-11 11:00:48.71209] [6842] [debug] Rendering template "post.html.ep"
[2019-03-11 11:00:48.71335] [6842] [debug] Rendering template "layouts/default.html.ep"
[2019-03-11 11:00:48.71417] [6842] [debug] 200 OK (0.130812s, 7.645/s)
[2019-03-11 11:08:42.81688] [7023] [debug] GET "/post/FreeBSD/security/sudo" (ce8d957c)
[2019-03-11 11:08:42.91291] [7023] [debug] Routing to controller "BlogVillain::Controller::Post" and action "get"
[2019-03-11 11:08:42.94294] [7023] [debug] Rendering template "post.html.ep"
[2019-03-11 11:08:42.94423] [7023] [debug] Rendering template "layouts/default.html.ep"
[2019-03-11 11:08:42.94507] [7023] [debug] 200 OK (0.128186s, 7.801/s)
[2019-03-11 11:09:14.82655] [7030] [debug] GET "/post/FreeBSD/security/sudo" (ce8d957c)
[2019-03-11 11:09:14.92321] [7030] [debug] Routing to controller "BlogVillain::Controller::Post" and action "get"
[2019-03-11 11:09:14.95310] [7030] [debug] Rendering template "post.html.ep"
[2019-03-11 11:09:14.95438] [7030] [debug] Rendering template "layouts/default.html.ep"
[2019-03-11 11:09:14.95533] [7030] [debug] 200 OK (0.128779s, 7.765/s)
[2019-03-11 11:09:23.34497] [7030] [debug] GET "/post/FreeBSD/security/sudo" (07a1bd00)
[2019-03-11 11:09:23.34523] [7030] [debug] Routing to controller "BlogVillain::Controller::Post" and action "get"
[2019-03-11 11:09:23.35528] [7030] [debug] Rendering cached template "post.html.ep"
[2019-03-11 11:09:23.35577] [7030] [debug] Rendering cached template "layouts/default.html.ep"
[2019-03-11 11:09:23.35612] [7030] [debug] 200 OK (0.011148s, 89.702/s)
[2019-03-11 11:16:20.18896] [7117] [debug] GET "/post/FreeBSD/security/sudo" (ce8d957c)
[2019-03-11 11:16:20.29006] [7117] [debug] Routing to controller "BlogVillain::Controller::Post" and action "get"
[2019-03-11 11:16:20.32362] [7117] [debug] Rendering template "post.html.ep"
[2019-03-11 11:16:20.32524] [7117] [debug] Rendering template "layouts/default.html.ep"
[2019-03-11 11:16:20.32643] [7117] [debug] 200 OK (0.137472s, 7.274/s)
[2019-03-11 11:17:32.79134] [7130] [debug] GET "/post/FreeBSD/security/sudo" (ce8d957c)
[2019-03-11 11:17:32.88482] [7130] [debug] Routing to controller "BlogVillain::Controller::Post" and action "get"
[2019-03-11 11:17:32.91544] [7130] [debug] Rendering template "post.html.ep"
[2019-03-11 11:17:32.91675] [7130] [debug] Rendering template "layouts/default.html.ep"
[2019-03-11 11:17:32.91762] [7130] [debug] 200 OK (0.126275s, 7.919/s)
[2019-03-11 11:18:45.80291] [7130] [debug] GET "/post/FreeBSD/security/sudo" (07a1bd00)
[2019-03-11 11:18:45.80322] [7130] [debug] Routing to controller "BlogVillain::Controller::Post" and action "get"
[2019-03-11 11:18:45.81408] [7130] [debug] Rendering cached template "post.html.ep"
[2019-03-11 11:18:45.81477] [7130] [debug] Rendering cached template "layouts/default.html.ep"
[2019-03-11 11:18:45.81521] [7130] [debug] 200 OK (0.012282s, 81.420/s)
[2019-03-11 11:18:56.51763] [7139] [debug] GET "/post/FreeBSD/security/sudo" (edb0b633)
[2019-03-11 11:18:56.61648] [7139] [debug] Routing to controller "BlogVillain::Controller::Post" and action "get"
[2019-03-11 11:18:56.64699] [7139] [debug] Rendering template "post.html.ep"
[2019-03-11 11:18:56.64844] [7139] [debug] Rendering template "layouts/default.html.ep"
[2019-03-11 11:18:56.64940] [7139] [debug] 200 OK (0.131767s, 7.589/s)
[2019-03-11 11:19:21.02620] [7147] [debug] GET "/post/FreeBSD/security/sudo" (562e9927)
[2019-03-11 11:19:21.12541] [7147] [debug] Routing to controller "BlogVillain::Controller::Post" and action "get"
[2019-03-11 11:19:21.15687] [7147] [debug] Rendering template "post.html.ep"
[2019-03-11 11:19:21.15830] [7147] [debug] Rendering template "layouts/default.html.ep"
[2019-03-11 11:19:21.15919] [7147] [debug] 200 OK (0.132997s, 7.519/s)
[2019-03-11 11:22:34.22779] [7188] [debug] GET "/post/FreeBSD/security/sudo" (562e9927)
[2019-03-11 11:22:34.32260] [7188] [debug] Routing to controller "BlogVillain::Controller::Post" and action "get"
[2019-03-11 11:22:34.35280] [7188] [debug] Rendering template "post.html.ep"
[2019-03-11 11:22:34.35418] [7188] [debug] Rendering template "layouts/default.html.ep"
[2019-03-11 11:22:34.35503] [7188] [debug] 200 OK (0.127252s, 7.858/s)
[2019-03-11 11:22:34.47633] [7188] [debug] GET "/post/1234.css" (536a3fcb)
[2019-03-11 11:22:34.47677] [7188] [debug] Routing to controller "BlogVillain::Controller::Post" and action "get"
[2019-03-11 11:22:34.47970] [7188] [error] Error: on [Model::Post]	1234.css

[2019-03-11 11:22:34.48014] [7188] [debug] Template "exception.development.html.ep" not found
[2019-03-11 11:22:34.48037] [7188] [debug] Template "exception.html.ep" not found
[2019-03-11 11:22:34.48057] [7188] [debug] Rendering template "mojo/debug.html.ep"
[2019-03-11 11:22:34.49058] [7188] [debug] 500 Internal Server Error (0.01425s, 70.175/s)
[2019-03-11 11:24:20.22644] [7192] [debug] GET "/post/FreeBSD/security/sudo" (562e9927)
[2019-03-11 11:24:20.32401] [7192] [debug] Routing to controller "BlogVillain::Controller::Post" and action "get"
[2019-03-11 11:24:20.35468] [7192] [debug] Rendering template "post.html.ep"
[2019-03-11 11:24:20.35614] [7192] [debug] Rendering template "layouts/default.html.ep"
[2019-03-11 11:24:20.35709] [7192] [debug] 200 OK (0.130654s, 7.654/s)
[2019-03-11 11:30:08.25980] [7313] [debug] GET "/post/FreeBSD/security/sudo" (269022d5)
[2019-03-11 11:30:08.35514] [7313] [debug] Routing to controller "BlogVillain::Controller::Post" and action "get"
[2019-03-11 11:30:08.38573] [7313] [debug] Rendering template "post.html.ep"
[2019-03-11 11:30:08.38719] [7313] [debug] Rendering template "layouts/default.html.ep"
[2019-03-11 11:30:08.38816] [7313] [debug] 200 OK (0.128364s, 7.790/s)
[2019-03-11 11:42:26.41957] [7537] [debug] GET "/post/FreeBSD/security/sudo" (269022d5)
[2019-03-11 11:42:26.51439] [7537] [debug] Routing to controller "BlogVillain::Controller::Post" and action "post"
[2019-03-11 11:42:26.54540] [7537] [debug] Rendering template "post.html.ep"
[2019-03-11 11:42:26.54692] [7537] [debug] Rendering template "layouts/default.html.ep"
[2019-03-11 11:42:26.54793] [7537] [debug] 200 OK (0.128368s, 7.790/s)
[2019-03-11 11:46:42.89119] [7615] [debug] GET "/post/FreeBSD/security/sudo" (269022d5)
[2019-03-11 11:46:42.98514] [7615] [error] Bareword "mojo" not allowed while "strict subs" in use at /home/nokdoot/blog_villain/script/../lib/BlogVillain/Controller/Post.pm line 23.
Compilation failed in require at (eval 96) line 1.

[2019-03-11 11:46:42.98553] [7615] [debug] Template "exception.development.html.ep" not found
[2019-03-11 11:46:42.98561] [7615] [debug] Template "exception.html.ep" not found
[2019-03-11 11:46:42.98569] [7615] [debug] Rendering template "mojo/debug.html.ep"
[2019-03-11 11:46:42.99441] [7615] [debug] 500 Internal Server Error (0.10323s, 9.687/s)
[2019-03-11 11:46:43.12404] [7615] [debug] GET "/post/mojo/jquery/jquery.js" (6403861d)
[2019-03-11 11:46:43.12438] [7615] [debug] Routing to controller "BlogVillain::Controller::Post" and action "post"
[2019-03-11 11:46:43.12441] [7615] [debug] Action not found in controller
[2019-03-11 11:46:43.12457] [7615] [debug] Template "post/post.html.ep" not found
[2019-03-11 11:46:43.12469] [7615] [debug] Template "not_found.development.html.ep" not found
[2019-03-11 11:46:43.12477] [7615] [debug] Template "not_found.html.ep" not found
[2019-03-11 11:46:43.12489] [7615] [debug] Rendering cached template "mojo/debug.html.ep"
[2019-03-11 11:46:43.12833] [7615] [debug] 404 Not Found (0.004247s, 235.460/s)
[2019-03-11 11:46:43.12958] [7615] [debug] GET "/post/mojo/prettify/prettify-mojo-dark.css" (3437372c)
[2019-03-11 11:46:43.12981] [7615] [debug] Routing to controller "BlogVillain::Controller::Post" and action "post"
[2019-03-11 11:46:43.12986] [7615] [debug] Action not found in controller
[2019-03-11 11:46:43.13003] [7615] [debug] Template "post/post.html.ep" not found
[2019-03-11 11:46:43.13018] [7615] [debug] Template "not_found.development.html.ep" not found
[2019-03-11 11:46:43.13029] [7615] [debug] Template "not_found.html.ep" not found
[2019-03-11 11:46:43.13039] [7615] [debug] Rendering cached template "mojo/debug.html.ep"
[2019-03-11 11:46:43.13323] [7615] [debug] 404 Not Found (0.003631s, 275.406/s)
[2019-03-11 11:46:43.13410] [7615] [debug] GET "/post/mojo/prettify/run_prettify.js" (f3806f5e)
[2019-03-11 11:46:43.13432] [7615] [debug] Routing to controller "BlogVillain::Controller::Post" and action "post"
[2019-03-11 11:46:43.13435] [7615] [debug] Action not found in controller
[2019-03-11 11:46:43.13449] [7615] [debug] Template "post/post.html.ep" not found
[2019-03-11 11:46:43.13459] [7615] [debug] Template "not_found.development.html.ep" not found
[2019-03-11 11:46:43.13465] [7615] [debug] Template "not_found.html.ep" not found
[2019-03-11 11:46:43.13470] [7615] [debug] Rendering cached template "mojo/debug.html.ep"
[2019-03-11 11:46:43.13762] [7615] [debug] 404 Not Found (0.003502s, 285.551/s)
[2019-03-11 11:46:43.14242] [7615] [debug] GET "/post/mojo/logo-black.png" (5637e177)
[2019-03-11 11:46:43.14277] [7615] [debug] Routing to controller "BlogVillain::Controller::Post" and action "post"
[2019-03-11 11:46:43.14282] [7615] [debug] Action not found in controller
[2019-03-11 11:46:43.14300] [7615] [debug] Template "post/post.html.ep" not found
[2019-03-11 11:46:43.14314] [7615] [debug] Template "not_found.development.html.ep" not found
[2019-03-11 11:46:43.14324] [7615] [debug] Template "not_found.html.ep" not found
[2019-03-11 11:46:43.14331] [7615] [debug] Rendering cached template "mojo/debug.html.ep"
[2019-03-11 11:46:43.14709] [7615] [debug] 404 Not Found (0.004653s, 214.915/s)
[2019-03-11 11:46:43.14802] [7615] [debug] GET "/post/mojo/logo-white.png" (b9bae6cd)
[2019-03-11 11:46:43.14831] [7615] [debug] Routing to controller "BlogVillain::Controller::Post" and action "post"
[2019-03-11 11:46:43.14835] [7615] [debug] Action not found in controller
[2019-03-11 11:46:43.14852] [7615] [debug] Template "post/post.html.ep" not found
[2019-03-11 11:46:43.14866] [7615] [debug] Template "not_found.development.html.ep" not found
[2019-03-11 11:46:43.14875] [7615] [debug] Template "not_found.html.ep" not found
[2019-03-11 11:46:43.14883] [7615] [debug] Rendering cached template "mojo/debug.html.ep"
[2019-03-11 11:46:43.15269] [7615] [debug] 404 Not Found (0.004651s, 215.008/s)
[2019-03-11 11:46:43.18622] [7615] [debug] GET "/post/mojo/prettify/prettify-mojo-dark.css" (953c26bc)
[2019-03-11 11:46:43.18645] [7615] [debug] Routing to controller "BlogVillain::Controller::Post" and action "post"
[2019-03-11 11:46:43.18649] [7615] [debug] Action not found in controller
[2019-03-11 11:46:43.18664] [7615] [debug] Template "post/post.html.ep" not found
[2019-03-11 11:46:43.18676] [7615] [debug] Template "not_found.development.html.ep" not found
[2019-03-11 11:46:43.18684] [7615] [debug] Template "not_found.html.ep" not found
[2019-03-11 11:46:43.18691] [7615] [debug] Rendering cached template "mojo/debug.html.ep"
[2019-03-11 11:46:43.18983] [7615] [debug] 404 Not Found (0.003596s, 278.087/s)
[2019-03-11 11:46:43.21747] [7615] [debug] GET "/post/mojo/logo-black.png" (4cf156dd)
[2019-03-11 11:46:43.21775] [7615] [debug] Routing to controller "BlogVillain::Controller::Post" and action "post"
[2019-03-11 11:46:43.21779] [7615] [debug] Action not found in controller
[2019-03-11 11:46:43.21799] [7615] [debug] Template "post/post.html.ep" not found
[2019-03-11 11:46:43.21814] [7615] [debug] Template "not_found.development.html.ep" not found
[2019-03-11 11:46:43.21822] [7615] [debug] Template "not_found.html.ep" not found
[2019-03-11 11:46:43.21829] [7615] [debug] Rendering cached template "mojo/debug.html.ep"
[2019-03-11 11:46:43.22208] [7615] [debug] 404 Not Found (0.004584s, 218.150/s)
[2019-03-11 11:46:43.22312] [7615] [debug] GET "/post/mojo/pinstripe-light.png" (aedcf8c9)
[2019-03-11 11:46:43.22342] [7615] [debug] Routing to controller "BlogVillain::Controller::Post" and action "post"
[2019-03-11 11:46:43.22346] [7615] [debug] Action not found in controller
[2019-03-11 11:46:43.22363] [7615] [debug] Template "post/post.html.ep" not found
[2019-03-11 11:46:43.22380] [7615] [debug] Template "not_found.development.html.ep" not found
[2019-03-11 11:46:43.22389] [7615] [debug] Template "not_found.html.ep" not found
[2019-03-11 11:46:43.22396] [7615] [debug] Rendering cached template "mojo/debug.html.ep"
[2019-03-11 11:46:43.22799] [7615] [debug] 404 Not Found (0.004827s, 207.168/s)
[2019-03-11 11:46:43.30663] [7615] [debug] GET "/post/mojo/pinstripe-dark.png" (dd957f88)
[2019-03-11 11:46:43.30701] [7615] [debug] Routing to controller "BlogVillain::Controller::Post" and action "post"
[2019-03-11 11:46:43.30705] [7615] [debug] Action not found in controller
[2019-03-11 11:46:43.30723] [7615] [debug] Template "post/post.html.ep" not found
[2019-03-11 11:46:43.30739] [7615] [debug] Template "not_found.development.html.ep" not found
[2019-03-11 11:46:43.30749] [7615] [debug] Template "not_found.html.ep" not found
[2019-03-11 11:46:43.30756] [7615] [debug] Rendering cached template "mojo/debug.html.ep"
[2019-03-11 11:46:43.31195] [7615] [debug] 404 Not Found (0.005305s, 188.501/s)
[2019-03-11 11:47:29.88203] [7647] [debug] GET "/post/FreeBSD/security/sudo" (269022d5)
[2019-03-11 11:47:29.97933] [7647] [debug] Routing to controller "BlogVillain::Controller::Post" and action "post"
[2019-03-11 11:47:30.01026] [7647] [debug] Rendering template "post.html.ep"
[2019-03-11 11:47:30.01164] [7647] [debug] Rendering template "layouts/default.html.ep"
[2019-03-11 11:47:30.01252] [7647] [debug] 200 OK (0.130499s, 7.663/s)
[2019-03-11 11:48:19.32405] [7655] [debug] GET "/post/FreeBSD/security/sudo" (269022d5)
[2019-03-11 11:48:19.41878] [7655] [debug] Routing to controller "BlogVillain::Controller::Post" and action "post"
[2019-03-11 11:48:19.45116] [7655] [debug] Rendering template "post.html.ep"
[2019-03-11 11:48:19.45299] [7655] [debug] Rendering template "layouts/default.html.ep"
[2019-03-11 11:48:19.45420] [7655] [debug] 200 OK (0.130158s, 7.683/s)
[2019-03-11 11:48:37.53506] [7658] [debug] GET "/post/FreeBSD/security/sudo" (269022d5)
[2019-03-11 11:48:37.62877] [7658] [debug] Routing to controller "BlogVillain::Controller::Post" and action "post"
[2019-03-11 11:48:37.65913] [7658] [debug] Rendering template "post.html.ep"
[2019-03-11 11:48:37.66044] [7658] [debug] Rendering template "layouts/default.html.ep"
[2019-03-11 11:48:37.66130] [7658] [debug] 200 OK (0.126233s, 7.922/s)
[2019-03-11 11:49:01.15728] [7662] [debug] GET "/post/FreeBSD/security/sudo" (269022d5)
[2019-03-11 11:49:01.25338] [7662] [debug] Routing to controller "BlogVillain::Controller::Post" and action "post"
[2019-03-11 11:49:01.28517] [7662] [debug] Rendering template "post.html.ep"
[2019-03-11 11:49:01.28660] [7662] [debug] Rendering template "layouts/default.html.ep"
[2019-03-11 11:49:01.28753] [7662] [debug] 200 OK (0.130251s, 7.677/s)
[2019-03-11 11:49:03.07138] [7662] [debug] GET "/post/FreeBSD/security/sudo" (6403861d)
[2019-03-11 11:49:03.07178] [7662] [debug] Routing to controller "BlogVillain::Controller::Post" and action "post"
[2019-03-11 11:49:03.08158] [7662] [debug] Rendering cached template "post.html.ep"
[2019-03-11 11:49:03.08216] [7662] [debug] Rendering cached template "layouts/default.html.ep"
[2019-03-11 11:49:03.08251] [7662] [debug] 200 OK (0.011121s, 89.920/s)
[2019-03-11 11:49:08.24854] [7667] [debug] GET "/post/FreeBSD/security/sudo" (269022d5)
[2019-03-11 11:49:08.34574] [7667] [debug] Routing to controller "BlogVillain::Controller::Post" and action "post"
[2019-03-11 11:49:08.37597] [7667] [debug] Rendering template "post.html.ep"
[2019-03-11 11:49:08.37731] [7667] [debug] Rendering template "layouts/default.html.ep"
[2019-03-11 11:49:08.37818] [7667] [debug] 200 OK (0.129643s, 7.713/s)
[2019-03-11 17:11:18.01548] [15659] [debug] GET "/post/FreeBSD/security/sudo" (269022d5)
[2019-03-11 17:11:18.10881] [15659] [debug] Routing to controller "BlogVillain::Controller::Post" and action "post"
[2019-03-11 17:11:18.13987] [15659] [debug] Rendering template "post.html.ep"
[2019-03-11 17:11:18.14134] [15659] [debug] Rendering template "layouts/default.html.ep"
[2019-03-11 17:11:18.14233] [15659] [debug] 200 OK (0.126846s, 7.884/s)
[2019-03-11 17:12:15.13105] [15776] [debug] GET "/post/FreeBSD/security/sudo" (269022d5)
[2019-03-11 17:12:15.22603] [15776] [debug] Routing to controller "BlogVillain::Controller::Post" and action "post"
[2019-03-11 17:12:15.25684] [15776] [debug] Rendering template "post.html.ep"
[2019-03-11 17:12:15.25825] [15776] [debug] Rendering template "layouts/default.html.ep"
[2019-03-11 17:12:15.25912] [15776] [debug] 200 OK (0.128071s, 7.808/s)
[2019-03-11 19:31:56.23164] [15776] [debug] GET "/" (6403861d)
[2019-03-11 19:31:56.23213] [15776] [debug] Rendering template "home.html.ep"
[2019-03-11 19:31:56.23294] [15776] [debug] Rendering cached template "layouts/default.html.ep"
[2019-03-11 19:31:56.23334] [15776] [debug] 200 OK (0.001693s, 590.667/s)
[2019-03-12 04:12:29.87220] [15776] [debug] GET "/post/Perl/parent" (3437372c)
[2019-03-12 04:12:29.87267] [15776] [debug] Routing to controller "BlogVillain::Controller::Post" and action "post"
[2019-03-12 04:12:29.88223] [15776] [debug] Rendering cached template "post.html.ep"
[2019-03-12 04:12:29.88303] [15776] [debug] Rendering cached template "layouts/default.html.ep"
[2019-03-12 04:12:29.88354] [15776] [debug] 200 OK (0.011324s, 88.308/s)
[2019-03-12 09:15:17.52820] [1201] [debug] GET "/s/post/FreeBSD/security/sudo" (269022d5)
[2019-03-12 09:15:17.62419] [1201] [debug] Routing to controller "BlogVillain::Controller::Post" and action "post"
[2019-03-12 09:15:17.65507] [1201] [debug] Rendering template "post.html.ep"
[2019-03-12 09:15:17.65648] [1201] [debug] Rendering template "layouts/default.html.ep"
[2019-03-12 09:15:17.65744] [1201] [debug] 200 OK (0.129249s, 7.737/s)
[2019-03-12 09:15:17.79264] [1201] [debug] GET "/s/post/post.css" (6403861d)
[2019-03-12 09:15:17.79292] [1201] [debug] Routing to controller "BlogVillain::Controller::Post" and action "post"
[2019-03-12 09:15:17.79498] [1201] [error] Error: on [Model::Post]	post.css

[2019-03-12 09:15:17.79524] [1201] [debug] Template "exception.development.html.ep" not found
[2019-03-12 09:15:17.79533] [1201] [debug] Template "exception.html.ep" not found
[2019-03-12 09:15:17.79540] [1201] [debug] Rendering template "mojo/debug.html.ep"
[2019-03-12 09:15:17.80521] [1201] [debug] 500 Internal Server Error (0.012562s, 79.605/s)
[2019-03-12 09:15:17.80639] [1201] [debug] GET "/s/post/highlight/highlight.pack.js" (3437372c)
[2019-03-12 09:15:17.80664] [1201] [debug] Routing to controller "BlogVillain::Controller::Post" and action "post"
[2019-03-12 09:15:17.80833] [1201] [error] Error: on [Model::Post]	highlight/highlight.pack.js

[2019-03-12 09:15:17.80849] [1201] [debug] Template "exception.development.html.ep" not found
[2019-03-12 09:15:17.80856] [1201] [debug] Template "exception.html.ep" not found
[2019-03-12 09:15:17.80861] [1201] [debug] Rendering cached template "mojo/debug.html.ep"
[2019-03-12 09:15:17.81134] [1201] [debug] 500 Internal Server Error (0.004932s, 202.758/s)
[2019-03-12 09:15:17.81236] [1201] [debug] GET "/s/post/highlight/styles/obsidian.css" (f3806f5e)
[2019-03-12 09:15:17.81266] [1201] [debug] Routing to controller "BlogVillain::Controller::Post" and action "post"
[2019-03-12 09:15:17.81498] [1201] [error] Error: on [Model::Post]	highlight/styles/obsidian.css

[2019-03-12 09:15:17.81523] [1201] [debug] Template "exception.development.html.ep" not found
[2019-03-12 09:15:17.81535] [1201] [debug] Template "exception.html.ep" not found
[2019-03-12 09:15:17.81544] [1201] [debug] Rendering cached template "mojo/debug.html.ep"
[2019-03-12 09:15:17.82012] [1201] [debug] 500 Internal Server Error (0.00773s, 129.366/s)
